<?xml version="1.0" encoding="UTF-8"?>
<!-- Generated by org.testng.reporters.JUnitReportReporter -->
<testsuite hostname="RJ" failures="0" tests="1" name="Test.HomePageTest" time="8.009" errors="0" timestamp="2022-06-08T22:54:37 IST" skipped="0">
  <testcase classname="Test.HomePageTest" name="Home" time="8.009"/>
  <system-out/>
</testsuite> <!-- Test.HomePageTest -->
