<?xml version="1.0" encoding="UTF-8"?>
<!-- Generated by org.testng.reporters.JUnitReportReporter -->
<testsuite hostname="RJ" failures="0" tests="1" name="Test.ForgotPageTest" time="7.858" errors="0" timestamp="2022-06-15T22:31:44 IST" skipped="0">
  <testcase classname="Test.ForgotPageTest" name="ForgotIdPassword" time="7.858"/>
  <system-out/>
</testsuite> <!-- Test.ForgotPageTest -->
