<?xml version="1.0" encoding="UTF-8"?>
<!-- Generated by org.testng.reporters.JUnitReportReporter -->
<testsuite hostname="RJ" failures="0" tests="1" name="Test.Table" time="10.493" errors="0" timestamp="2022-06-14T22:30:21 IST" skipped="0">
  <testcase classname="Test.Table" name="table" time="10.493"/>
  <system-out/>
</testsuite> <!-- Test.Table -->
