<?xml version="1.0" encoding="UTF-8"?>
<!-- Generated by org.testng.reporters.JUnitReportReporter -->
<testsuite hostname="RJ" failures="0" tests="1" name="Test.LoginPageTest" time="9.813" errors="0" timestamp="2022-06-17T22:45:45 IST" skipped="0">
  <testcase classname="Test.LoginPageTest" name="Assert" time="9.813"/>
  <system-out/>
</testsuite> <!-- Test.LoginPageTest -->
