<?xml version="1.0" encoding="UTF-8"?>
<!-- Generated by org.testng.reporters.JUnitReportReporter -->
<testsuite hostname="RJ" failures="0" tests="1" name="Test.SignUpPageTest" time="8.026" errors="0" timestamp="2022-06-16T22:05:11 IST" skipped="0">
  <testcase classname="Test.SignUpPageTest" name="SignUP" time="8.026"/>
  <system-out/>
</testsuite> <!-- Test.SignUpPageTest -->
